<?xml version="1.0" encoding="UTF-8"?>
<!-- Generated by org.testng.reporters.JUnitReportReporter -->
<testsuite hostname="DESKTOP-QOSN2HG" failures="0" tests="1" name="day3.HeadersDemo" time="4.028" errors="0" timestamp="2024-02-08T20:45:03 GMT" skipped="0">
  <testcase classname="day3.HeadersDemo" name="getHeaders" time="4.028"/>
  <system-out/>
</testsuite> <!-- day3.HeadersDemo -->
