<?xml version="1.0" encoding="UTF-8"?>
<!-- Generated by org.testng.reporters.JUnitReportReporter -->
<testsuite hostname="Man-Wonders" failures="0" tests="4" name="day1.HTTPRequest" time="4.047" errors="0" timestamp="2024-07-03T09:40:10 GMT" skipped="0">
  <testcase classname="day1.HTTPRequest" name="testGetUsers" time="2.234"/>
  <testcase classname="day1.HTTPRequest" name="createUser" time="0.797"/>
  <testcase classname="day1.HTTPRequest" name="updateUser" time="0.489"/>
  <testcase classname="day1.HTTPRequest" name="deleteUser" time="0.527"/>
</testsuite> <!-- day1.HTTPRequest -->
