<?xml version="1.0" encoding="UTF-8"?>
<!-- Generated by org.testng.reporters.JUnitReportReporter -->
<testsuite hostname="DESKTOP-QOSN2HG" failures="0" tests="1" name="day3.CookiesDemo" time="2.571" errors="0" timestamp="2024-02-08T13:38:20 GMT" skipped="0">
  <testcase classname="day3.CookiesDemo" name="getCookiesInfo" time="2.571"/>
  <system-out/>
</testsuite> <!-- day3.CookiesDemo -->
