<?xml version="1.0" encoding="UTF-8"?>
<!-- Generated by org.testng.reporters.JUnitReportReporter -->
<testsuite hostname="DESKTOP-QOSN2HG" failures="0" tests="1" name="day3.LoggingDemo" time="1.667" errors="0" timestamp="2024-02-09T10:55:24 GMT" skipped="0">
  <testcase classname="day3.LoggingDemo" name="testLogs" time="1.667"/>
  <system-out/>
</testsuite> <!-- day3.LoggingDemo -->
