<?xml version="1.0" encoding="UTF-8"?>
<!-- Generated by org.testng.reporters.JUnitReportReporter -->
<testsuite hostname="DESKTOP-QOSN2HG" failures="0" tests="1" name="day2.DiffWaysToCreatePostRequestBody" time="0.801" errors="0" timestamp="2024-02-07T21:10:40 GMT" skipped="0">
  <testcase classname="day2.DiffWaysToCreatePostRequestBody" name="testPostUsingPojo" time="0.801"/>
</testsuite> <!-- day2.DiffWaysToCreatePostRequestBody -->
