<?xml version="1.0" encoding="UTF-8"?>
<!-- Generated by org.testng.reporters.JUnitReportReporter -->
<testsuite hostname="DESKTOP-QOSN2HG" failures="0" tests="1" name="Day4.ParsingJsonResponseData" time="1.828" errors="0" timestamp="2024-02-09T11:44:24 GMT" skipped="0">
  <testcase classname="Day4.ParsingJsonResponseData" name="testJsonResponse" time="1.828"/>
  <system-out/>
</testsuite> <!-- Day4.ParsingJsonResponseData -->
