<?xml version="1.0" encoding="UTF-8"?>
<!-- Generated by org.testng.reporters.JUnitReportReporter -->
<testsuite hostname="DESKTOP-QOSN2HG" failures="0" tests="1" name="day3.PathAndQuaryParameters" time="1.665" errors="0" timestamp="2024-02-08T10:32:14 GMT" skipped="0">
  <testcase classname="day3.PathAndQuaryParameters" name="testQueryAndPathParameters" time="1.665"/>
  <system-out/>
</testsuite> <!-- day3.PathAndQuaryParameters -->
